<?xml version="1.0" encoding="UTF-8"?>
<testng-results ignored="0" total="2" passed="2" failed="0" skipped="0">
  <reporter-output>
  </reporter-output>
  <suite started-at="2021-01-15T15:45:46 EST" name="Suite" finished-at="2021-01-15T15:46:11 EST" duration-ms="25483">
    <groups>
    </groups>
    <test started-at="2021-01-15T15:45:46 EST" name="ChromeTest" finished-at="2021-01-15T15:46:11 EST" duration-ms="25483">
      <class name="testCases.CheckHomePageTitle">
        <test-method signature="checkTitle(java.lang.String)[pri:0, instance:testCases.CheckHomePageTitle@f667fe]" started-at="2021-01-15T15:45:55 EST" name="checkTitle" description="Checks if title of the Landing page is as expected" finished-at="2021-01-15T15:45:59 EST" duration-ms="4563" status="PASS">
          <params>
            <param index="0">
              <value>
                <![CDATA[chrome]]>
              </value>
            </param>
          </params>
          <reporter-output>
          </reporter-output>
        </test-method> <!-- checkTitle -->
        <test-method is-config="true" signature="closeBrowser()[pri:0, instance:testCases.CheckHomePageTitle@f667fe]" started-at="2021-01-15T15:46:11 EST" name="closeBrowser" description="Closes your driver after each test" finished-at="2021-01-15T15:46:11 EST" duration-ms="151" status="PASS">
          <reporter-output>
          </reporter-output>
        </test-method> <!-- closeBrowser -->
      </class> <!-- testCases.CheckHomePageTitle -->
      <class name="testCases.SearchFlights">
        <test-method is-config="true" signature="initialise(java.lang.String)[pri:0, instance:testCases.SearchFlights@7e928e2f]" started-at="2021-01-15T15:45:46 EST" name="initialise" finished-at="2021-01-15T15:45:55 EST" duration-ms="9084" status="PASS">
          <params>
            <param index="0">
              <value>
                <![CDATA[chrome]]>
              </value>
            </param>
          </params>
          <reporter-output>
          </reporter-output>
        </test-method> <!-- initialise -->
        <test-method signature="searchFlights()[pri:0, instance:testCases.SearchFlights@7e928e2f]" started-at="2021-01-15T15:45:59 EST" name="searchFlights" finished-at="2021-01-15T15:46:11 EST" duration-ms="11509" status="PASS">
          <reporter-output>
          </reporter-output>
        </test-method> <!-- searchFlights -->
        <test-method is-config="true" signature="closeBrowser()[pri:0, instance:testCases.SearchFlights@7e928e2f]" started-at="2021-01-15T15:46:11 EST" name="closeBrowser" description="Closes your driver after each test" finished-at="2021-01-15T15:46:11 EST" duration-ms="149" status="PASS">
          <reporter-output>
          </reporter-output>
        </test-method> <!-- closeBrowser -->
      </class> <!-- testCases.SearchFlights -->
    </test> <!-- ChromeTest -->
  </suite> <!-- Suite -->
</testng-results>
